# JRE version: OpenJDK Runtime Environment (11.0.2+9) (build 11.0.2+9)
# Java VM: OpenJDK 64-Bit Server VM (11.0.2+9, mixed mode, tiered, compressed oops, g1 gc, windows-amd64)
Heap:
 garbage-first heap   total 284672K, used 109677K [0x0000000741a00000, 0x0000000800000000)
  region size 1024K, 20 young (20480K), 1 survivors (1024K)
 Metaspace       used 70355K, capacity 73175K, committed 74704K, reserved 1114112K
  class space    used 8996K, capacity 10177K, committed 10708K, reserved 1048576K
GC Heap History (10 events):
Event: 49354.236 GC heap before
{Heap before GC invocations=115 (full 0):
 garbage-first heap   total 284672K, used 204384K [0x0000000741a00000, 0x0000000800000000)
  region size 1024K, 111 young (113664K), 1 survivors (1024K)
 Metaspace       used 70334K, capacity 73170K, committed 74704K, reserved 1114112K
  class space    used 8996K, capacity 10177K, committed 10708K, reserved 1048576K
}
Event: 49354.243 GC heap after
{Heap after GC invocations=116 (full 0):
 garbage-first heap   total 284672K, used 91741K [0x0000000741a00000, 0x0000000800000000)
  region size 1024K, 1 young (1024K), 1 survivors (1024K)
 Metaspace       used 70334K, capacity 73170K, committed 74704K, reserved 1114112K
  class space    used 8996K, capacity 10177K, committed 10708K, reserved 1048576K
}
Event: 49501.532 GC heap before
{Heap before GC invocations=116 (full 0):
 garbage-first heap   total 284672K, used 104029K [0x0000000741a00000, 0x0000000800000000)
  region size 1024K, 13 young (13312K), 1 survivors (1024K)
 Metaspace       used 70334K, capacity 73170K, committed 74704K, reserved 1114112K
  class space    used 8996K, capacity 10177K, committed 10708K, reserved 1048576K
}
Event: 49501.537 GC heap after
{Heap after GC invocations=117 (full 0):
 garbage-first heap   total 284672K, used 91235K [0x0000000741a00000, 0x0000000800000000)
  region size 1024K, 1 young (1024K), 1 survivors (1024K)
 Metaspace       used 70334K, capacity 73170K, committed 74704K, reserved 1114112K
  class space    used 8996K, capacity 10177K, committed 10708K, reserved 1048576K
}
Event: 50943.181 GC heap before
{Heap before GC invocations=117 (full 0):
 garbage-first heap   total 284672K, used 211043K [0x0000000741a00000, 0x0000000800000000)
  region size 1024K, 118 young (120832K), 1 survivors (1024K)
 Metaspace       used 70334K, capacity 73170K, committed 74704K, reserved 1114112K
  class space    used 8996K, capacity 10177K, committed 10708K, reserved 1048576K
}
Event: 50943.188 GC heap after
{Heap after GC invocations=118 (full 0):
 garbage-first heap   total 284672K, used 91238K [0x0000000741a00000, 0x0000000800000000)
  region size 1024K, 1 young (1024K), 1 survivors (1024K)
 Metaspace       used 70334K, capacity 73170K, committed 74704K, reserved 1114112K
  class space    used 8996K, capacity 10177K, committed 10708K, reserved 1048576K
}
Event: 51870.028 GC heap before
{Heap before GC invocations=119 (full 0):
 garbage-first heap   total 284672K, used 168038K [0x0000000741a00000, 0x0000000800000000)
  region size 1024K, 76 young (77824K), 1 survivors (1024K)
 Metaspace       used 70354K, capacity 73175K, committed 74704K, reserved 1114112K
  class space    used 8996K, capacity 10177K, committed 10708K, reserved 1048576K
}
Event: 51870.035 GC heap after
{Heap after GC invocations=120 (full 0):
 garbage-first heap   total 284672K, used 91243K [0x0000000741a00000, 0x0000000800000000)
  region size 1024K, 1 young (1024K), 1 survivors (1024K)
 Metaspace       used 70354K, capacity 73175K, committed 74704K, reserved 1114112K
  class space    used 8996K, capacity 10177K, committed 10708K, reserved 1048576K
}
Event: 53156.540 GC heap before
{Heap before GC invocations=120 (full 0):
 garbage-first heap   total 284672K, used 197739K [0x0000000741a00000, 0x0000000800000000)
  region size 1024K, 105 young (107520K), 1 survivors (1024K)
 Metaspace       used 70354K, capacity 73175K, committed 74704K, reserved 1114112K
  class space    used 8996K, capacity 10177K, committed 10708K, reserved 1048576K
}
Event: 53156.544 GC heap after
{Heap after GC invocations=121 (full 0):
 garbage-first heap   total 284672K, used 91245K [0x0000000741a00000, 0x0000000800000000)
  region size 1024K, 1 young (1024K), 1 survivors (1024K)
 Metaspace       used 70354K, capacity 73175K, committed 74704K, reserved 1114112K
  class space    used 8996K, capacity 10177K, committed 10708K, reserved 1048576K
}

