# JRE version: OpenJDK Runtime Environment (11.0.2+9) (build 11.0.2+9)
# Java VM: OpenJDK 64-Bit Server VM (11.0.2+9, mixed mode, tiered, compressed oops, g1 gc, windows-amd64)
Heap:
 garbage-first heap   total 284672K, used 108445K [0x0000000741a00000, 0x0000000800000000)
  region size 1024K, 4 young (4096K), 1 survivors (1024K)
 Metaspace       used 71358K, capacity 74582K, committed 74700K, reserved 1114112K
  class space    used 9024K, capacity 10400K, committed 10444K, reserved 1048576K
GC Heap History (10 events):
Event: 43123.090 GC heap before
{Heap before GC invocations=46 (full 0):
 garbage-first heap   total 284672K, used 247934K [0x0000000741a00000, 0x0000000800000000)
  region size 1024K, 145 young (148480K), 7 survivors (7168K)
 Metaspace       used 71344K, capacity 74577K, committed 74700K, reserved 1114112K
  class space    used 9024K, capacity 10400K, committed 10444K, reserved 1048576K
}
Event: 43123.113 GC heap after
{Heap after GC invocations=47 (full 0):
 garbage-first heap   total 284672K, used 106618K [0x0000000741a00000, 0x0000000800000000)
  region size 1024K, 5 young (5120K), 5 survivors (5120K)
 Metaspace       used 71344K, capacity 74577K, committed 74700K, reserved 1114112K
  class space    used 9024K, capacity 10400K, committed 10444K, reserved 1048576K
}
Event: 48553.004 GC heap before
{Heap before GC invocations=47 (full 0):
 garbage-first heap   total 284672K, used 249978K [0x0000000741a00000, 0x0000000800000000)
  region size 1024K, 145 young (148480K), 5 survivors (5120K)
 Metaspace       used 71344K, capacity 74577K, committed 74700K, reserved 1114112K
  class space    used 9024K, capacity 10400K, committed 10444K, reserved 1048576K
}
Event: 48553.087 GC heap after
{Heap after GC invocations=48 (full 0):
 garbage-first heap   total 284672K, used 107002K [0x0000000741a00000, 0x0000000800000000)
  region size 1024K, 2 young (2048K), 2 survivors (2048K)
 Metaspace       used 71344K, capacity 74577K, committed 74700K, reserved 1114112K
  class space    used 9024K, capacity 10400K, committed 10444K, reserved 1048576K
}
Event: 50214.652 GC heap before
{Heap before GC invocations=48 (full 0):
 garbage-first heap   total 284672K, used 249338K [0x0000000741a00000, 0x0000000800000000)
  region size 1024K, 141 young (144384K), 2 survivors (2048K)
 Metaspace       used 71344K, capacity 74577K, committed 74700K, reserved 1114112K
  class space    used 9024K, capacity 10400K, committed 10444K, reserved 1048576K
}
Event: 50214.657 GC heap after
{Heap after GC invocations=49 (full 0):
 garbage-first heap   total 284672K, used 106486K [0x0000000741a00000, 0x0000000800000000)
  region size 1024K, 1 young (1024K), 1 survivors (1024K)
 Metaspace       used 71344K, capacity 74577K, committed 74700K, reserved 1114112K
  class space    used 9024K, capacity 10400K, committed 10444K, reserved 1048576K
}
Event: 51885.932 GC heap before
{Heap before GC invocations=49 (full 0):
 garbage-first heap   total 284672K, used 249846K [0x0000000741a00000, 0x0000000800000000)
  region size 1024K, 141 young (144384K), 1 survivors (1024K)
 Metaspace       used 71347K, capacity 74582K, committed 74700K, reserved 1114112K
  class space    used 9024K, capacity 10400K, committed 10444K, reserved 1048576K
}
Event: 51885.936 GC heap after
{Heap after GC invocations=50 (full 0):
 garbage-first heap   total 284672K, used 106362K [0x0000000741a00000, 0x0000000800000000)
  region size 1024K, 1 young (1024K), 1 survivors (1024K)
 Metaspace       used 71347K, capacity 74582K, committed 74700K, reserved 1114112K
  class space    used 9024K, capacity 10400K, committed 10444K, reserved 1048576K
}
Event: 53558.444 GC heap before
{Heap before GC invocations=50 (full 0):
 garbage-first heap   total 284672K, used 249722K [0x0000000741a00000, 0x0000000800000000)
  region size 1024K, 141 young (144384K), 1 survivors (1024K)
 Metaspace       used 71358K, capacity 74582K, committed 74700K, reserved 1114112K
  class space    used 9024K, capacity 10400K, committed 10444K, reserved 1048576K
}
Event: 53558.484 GC heap after
{Heap after GC invocations=51 (full 0):
 garbage-first heap   total 284672K, used 106397K [0x0000000741a00000, 0x0000000800000000)
  region size 1024K, 1 young (1024K), 1 survivors (1024K)
 Metaspace       used 71358K, capacity 74582K, committed 74700K, reserved 1114112K
  class space    used 9024K, capacity 10400K, committed 10444K, reserved 1048576K
}

